[ 2017-02-12T20:52:11+08:00 ] 127.0.0.1 /xm/index.php?_ijt=ofm9j2r470htl65gfmd0r3h4kv
INFO: [ app_init ] --START--
INFO: Run Behavior\BuildLiteBehavior [ RunTime:0.000015s ]
INFO: [ app_init ] --END-- [ RunTime:0.031708s ]
INFO: [ app_begin ] --START--
INFO: Run Behavior\ReadHtmlCacheBehavior [ RunTime:0.000805s ]
INFO: [ app_begin ] --END-- [ RunTime:0.000888s ]
INFO: [ view_parse ] --START--
INFO: [ template_filter ] --START--
INFO: Run Behavior\ContentReplaceBehavior [ RunTime:0.000029s ]
INFO: [ template_filter ] --END-- [ RunTime:0.000080s ]
INFO: Run Behavior\ParseTemplateBehavior [ RunTime:0.015839s ]
INFO: [ view_parse ] --END-- [ RunTime:0.015897s ]
INFO: [ view_filter ] --START--
INFO: Run Behavior\WriteHtmlCacheBehavior [ RunTime:0.000375s ]
INFO: [ view_filter ] --END-- [ RunTime:0.000421s ]
INFO: [ template_filter ] --START--
INFO: Run Behavior\ContentReplaceBehavior [ RunTime:0.000029s ]
INFO: [ template_filter ] --END-- [ RunTime:-0.003883s ]
INFO: [ app_end ] --START--
INFO: Run Behavior\ShowPageTraceBehavior [ RunTime:0.000491s ]
INFO: [ app_end ] --END-- [ RunTime:0.000528s ]

[ 2017-02-12T20:53:48+08:00 ] 127.0.0.1 /xm/
INFO: [ app_init ] --START--
INFO: Run Behavior\BuildLiteBehavior [ RunTime:0.000013s ]
INFO: [ app_init ] --END-- [ RunTime:0.000383s ]
INFO: [ app_begin ] --START--
INFO: Run Behavior\ReadHtmlCacheBehavior [ RunTime:0.000543s ]
INFO: [ app_begin ] --END-- [ RunTime:0.000602s ]
INFO: [ view_parse ] --START--
INFO: Run Behavior\ParseTemplateBehavior [ RunTime:0.000298s ]
INFO: [ view_parse ] --END-- [ RunTime:0.000344s ]
INFO: [ view_filter ] --START--
INFO: Run Behavior\WriteHtmlCacheBehavior [ RunTime:0.000230s ]
INFO: [ view_filter ] --END-- [ RunTime:0.000261s ]
INFO: [ template_filter ] --START--
INFO: Run Behavior\ContentReplaceBehavior [ RunTime:0.000027s ]
INFO: [ template_filter ] --END-- [ RunTime:0.000052s ]
INFO: [ app_end ] --START--
INFO: Run Behavior\ShowPageTraceBehavior [ RunTime:0.000459s ]
INFO: [ app_end ] --END-- [ RunTime:0.000494s ]

[ 2017-02-12T21:00:12+08:00 ] 127.0.0.1 /xm/index.php?_ijt=lbrq3vqgf6ud0qu4qpi0m0s4rf
INFO: [ app_init ] --START--
INFO: Run Behavior\BuildLiteBehavior [ RunTime:0.000012s ]
INFO: [ app_init ] --END-- [ RunTime:0.000353s ]
INFO: [ app_begin ] --START--
INFO: Run Behavior\ReadHtmlCacheBehavior [ RunTime:0.000518s ]
INFO: [ app_begin ] --END-- [ RunTime:0.000561s ]
INFO: [ view_parse ] --START--
NOTIC: [8] Use of undefined constant THEME_PATH - assumed 'THEME_PATH' E:\PHPServer\www\xm\ThinkPHP\Library\Think\Template\Driver\Smarty.class.php 第 25 行.
NOTIC: [8] Use of undefined constant THEME_PATH - assumed 'THEME_PATH' E:\PHPServer\www\xm\ThinkPHP\Library\Think\Template\Driver\Smarty.class.php 第 29 行.
ERR: Unkown resource type 'e="text/css">*{ padding'

[ 2017-02-12T21:01:21+08:00 ] 127.0.0.1 /xm/
INFO: [ app_init ] --START--
INFO: Run Behavior\BuildLiteBehavior [ RunTime:0.000011s ]
INFO: [ app_init ] --END-- [ RunTime:0.000310s ]
INFO: [ app_begin ] --START--
INFO: Run Behavior\ReadHtmlCacheBehavior [ RunTime:0.000614s ]
INFO: [ app_begin ] --END-- [ RunTime:0.000656s ]
INFO: [ app_end ] --START--
INFO: Run Behavior\ShowPageTraceBehavior [ RunTime:0.000841s ]
INFO: [ app_end ] --END-- [ RunTime:0.000897s ]

[ 2017-02-12T21:01:44+08:00 ] 127.0.0.1 /xm/
INFO: [ app_init ] --START--
INFO: Run Behavior\BuildLiteBehavior [ RunTime:0.000012s ]
INFO: [ app_init ] --END-- [ RunTime:0.000342s ]
INFO: [ app_begin ] --START--
INFO: Run Behavior\ReadHtmlCacheBehavior [ RunTime:0.000618s ]
INFO: [ app_begin ] --END-- [ RunTime:0.000660s ]
INFO: [ app_end ] --START--
INFO: Run Behavior\ShowPageTraceBehavior [ RunTime:0.000700s ]
INFO: [ app_end ] --END-- [ RunTime:0.000748s ]

[ 2017-02-12T21:02:23+08:00 ] 127.0.0.1 /xm/
INFO: [ app_init ] --START--
INFO: Run Behavior\BuildLiteBehavior [ RunTime:0.000012s ]
INFO: [ app_init ] --END-- [ RunTime:0.000344s ]
INFO: [ app_begin ] --START--
INFO: Run Behavior\ReadHtmlCacheBehavior [ RunTime:0.000619s ]
INFO: [ app_begin ] --END-- [ RunTime:0.000663s ]
INFO: [ app_end ] --START--
INFO: Run Behavior\ShowPageTraceBehavior [ RunTime:0.001817s ]
INFO: [ app_end ] --END-- [ RunTime:0.001905s ]

[ 2017-02-12T21:03:10+08:00 ] 127.0.0.1 /xm/
INFO: [ app_init ] --START--
INFO: Run Behavior\BuildLiteBehavior [ RunTime:0.000011s ]
INFO: [ app_init ] --END-- [ RunTime:0.000335s ]
INFO: [ app_begin ] --START--
INFO: Run Behavior\ReadHtmlCacheBehavior [ RunTime:0.000631s ]
INFO: [ app_begin ] --END-- [ RunTime:0.000675s ]
INFO: [ app_end ] --START--
INFO: Run Behavior\ShowPageTraceBehavior [ RunTime:0.000634s ]
INFO: [ app_end ] --END-- [ RunTime:0.000678s ]

[ 2017-02-12T21:09:05+08:00 ] 127.0.0.1 /xm/
INFO: [ app_init ] --START--
INFO: Run Behavior\BuildLiteBehavior [ RunTime:0.000021s ]
INFO: [ app_init ] --END-- [ RunTime:0.000629s ]
INFO: [ app_begin ] --START--
INFO: Run Behavior\ReadHtmlCacheBehavior [ RunTime:0.001162s ]
INFO: [ app_begin ] --END-- [ RunTime:0.001241s ]
INFO: [ app_end ] --START--
INFO: Run Behavior\ShowPageTraceBehavior [ RunTime:0.001462s ]
INFO: [ app_end ] --END-- [ RunTime:0.001602s ]

[ 2017-02-12T21:09:06+08:00 ] 127.0.0.1 /xm/
INFO: [ app_init ] --START--
INFO: Run Behavior\BuildLiteBehavior [ RunTime:0.000012s ]
INFO: [ app_init ] --END-- [ RunTime:0.000326s ]
INFO: [ app_begin ] --START--
INFO: Run Behavior\ReadHtmlCacheBehavior [ RunTime:0.000622s ]
INFO: [ app_begin ] --END-- [ RunTime:0.000667s ]
INFO: [ app_end ] --START--
INFO: Run Behavior\ShowPageTraceBehavior [ RunTime:0.000612s ]
INFO: [ app_end ] --END-- [ RunTime:0.000655s ]

[ 2017-02-12T21:09:06+08:00 ] 127.0.0.1 /xm/
INFO: [ app_init ] --START--
INFO: Run Behavior\BuildLiteBehavior [ RunTime:0.000010s ]
INFO: [ app_init ] --END-- [ RunTime:0.000307s ]
INFO: [ app_begin ] --START--
INFO: Run Behavior\ReadHtmlCacheBehavior [ RunTime:0.000581s ]
INFO: [ app_begin ] --END-- [ RunTime:0.000623s ]
INFO: [ app_end ] --START--
INFO: Run Behavior\ShowPageTraceBehavior [ RunTime:0.000629s ]
INFO: [ app_end ] --END-- [ RunTime:0.000671s ]

[ 2017-02-12T21:09:06+08:00 ] 127.0.0.1 /xm/
INFO: [ app_init ] --START--
INFO: Run Behavior\BuildLiteBehavior [ RunTime:0.000011s ]
INFO: [ app_init ] --END-- [ RunTime:0.000310s ]
INFO: [ app_begin ] --START--
INFO: Run Behavior\ReadHtmlCacheBehavior [ RunTime:0.000588s ]
INFO: [ app_begin ] --END-- [ RunTime:0.000631s ]
INFO: [ app_end ] --START--
INFO: Run Behavior\ShowPageTraceBehavior [ RunTime:0.000772s ]
INFO: [ app_end ] --END-- [ RunTime:0.000822s ]

[ 2017-02-12T21:09:06+08:00 ] 127.0.0.1 /xm/
INFO: [ app_init ] --START--
INFO: Run Behavior\BuildLiteBehavior [ RunTime:0.000026s ]
INFO: [ app_init ] --END-- [ RunTime:0.000337s ]
INFO: [ app_begin ] --START--
INFO: Run Behavior\ReadHtmlCacheBehavior [ RunTime:0.000769s ]
INFO: [ app_begin ] --END-- [ RunTime:0.000832s ]
INFO: [ app_end ] --START--
INFO: Run Behavior\ShowPageTraceBehavior [ RunTime:0.000655s ]
INFO: [ app_end ] --END-- [ RunTime:0.000705s ]

[ 2017-02-12T21:09:06+08:00 ] 127.0.0.1 /xm/
INFO: [ app_init ] --START--
INFO: Run Behavior\BuildLiteBehavior [ RunTime:0.000011s ]
INFO: [ app_init ] --END-- [ RunTime:0.000309s ]
INFO: [ app_begin ] --START--
INFO: Run Behavior\ReadHtmlCacheBehavior [ RunTime:0.001462s ]
INFO: [ app_begin ] --END-- [ RunTime:0.001533s ]
INFO: [ app_end ] --START--
INFO: Run Behavior\ShowPageTraceBehavior [ RunTime:0.000959s ]
INFO: [ app_end ] --END-- [ RunTime:0.001024s ]

[ 2017-02-12T21:09:07+08:00 ] 127.0.0.1 /xm/
INFO: [ app_init ] --START--
INFO: Run Behavior\BuildLiteBehavior [ RunTime:0.000018s ]
INFO: [ app_init ] --END-- [ RunTime:0.000547s ]
INFO: [ app_begin ] --START--
INFO: Run Behavior\ReadHtmlCacheBehavior [ RunTime:0.001074s ]
INFO: [ app_begin ] --END-- [ RunTime:0.001149s ]
INFO: [ app_end ] --START--
INFO: Run Behavior\ShowPageTraceBehavior [ RunTime:0.001126s ]
INFO: [ app_end ] --END-- [ RunTime:0.001208s ]

[ 2017-02-12T21:09:07+08:00 ] 127.0.0.1 /xm/
INFO: [ app_init ] --START--
INFO: Run Behavior\BuildLiteBehavior [ RunTime:0.000015s ]
INFO: [ app_init ] --END-- [ RunTime:0.000413s ]
INFO: [ app_begin ] --START--
INFO: Run Behavior\ReadHtmlCacheBehavior [ RunTime:0.000759s ]
INFO: [ app_begin ] --END-- [ RunTime:0.000866s ]
INFO: [ app_end ] --START--
INFO: Run Behavior\ShowPageTraceBehavior [ RunTime:0.000692s ]
INFO: [ app_end ] --END-- [ RunTime:0.000741s ]

[ 2017-02-12T21:09:34+08:00 ] 127.0.0.1 /xm/index.php
INFO: [ app_init ] --START--
INFO: Run Behavior\BuildLiteBehavior [ RunTime:0.000012s ]
INFO: [ app_init ] --END-- [ RunTime:0.000367s ]
INFO: [ app_begin ] --START--
INFO: Run Behavior\ReadHtmlCacheBehavior [ RunTime:0.000698s ]
INFO: [ app_begin ] --END-- [ RunTime:0.000743s ]
INFO: [ app_end ] --START--
INFO: Run Behavior\ShowPageTraceBehavior [ RunTime:0.000650s ]
INFO: [ app_end ] --END-- [ RunTime:0.000692s ]

[ 2017-02-12T21:09:48+08:00 ] 127.0.0.1 /xm/index.php/Home/index/index
INFO: [ app_init ] --START--
INFO: Run Behavior\BuildLiteBehavior [ RunTime:0.000013s ]
INFO: [ app_init ] --END-- [ RunTime:0.000370s ]
INFO: [ app_begin ] --START--
INFO: Run Behavior\ReadHtmlCacheBehavior [ RunTime:0.001103s ]
INFO: [ app_begin ] --END-- [ RunTime:0.001192s ]
INFO: [ app_end ] --START--
INFO: Run Behavior\ShowPageTraceBehavior [ RunTime:0.000628s ]
INFO: [ app_end ] --END-- [ RunTime:0.000677s ]

[ 2017-02-12T21:56:28+08:00 ] 127.0.0.1 /xm/index.php/HOME/Index/index.html
INFO: [ app_init ] --START--
INFO: Run Behavior\BuildLiteBehavior [ RunTime:0.000018s ]
INFO: [ app_init ] --END-- [ RunTime:0.000653s ]
INFO: [ app_begin ] --START--
INFO: Run Behavior\ReadHtmlCacheBehavior [ RunTime:0.000637s ]
INFO: [ app_begin ] --END-- [ RunTime:0.000705s ]
ERR: 无法加载控制器:Index

[ 2017-02-12T21:56:35+08:00 ] 127.0.0.1 /xm/index.php/Home/Index/index.html
INFO: [ app_init ] --START--
INFO: Run Behavior\BuildLiteBehavior [ RunTime:0.000015s ]
INFO: [ app_init ] --END-- [ RunTime:0.000589s ]
INFO: [ app_begin ] --START--
INFO: Run Behavior\ReadHtmlCacheBehavior [ RunTime:0.000376s ]
INFO: [ app_begin ] --END-- [ RunTime:0.000418s ]
INFO: [ app_end ] --START--
INFO: Run Behavior\ShowPageTraceBehavior [ RunTime:0.000473s ]
INFO: [ app_end ] --END-- [ RunTime:0.000539s ]

[ 2017-02-12T22:17:38+08:00 ] 127.0.0.1 /xm/index.php/Home/Index/index.html
INFO: [ app_init ] --START--
INFO: Run Behavior\BuildLiteBehavior [ RunTime:0.000019s ]
INFO: [ app_init ] --END-- [ RunTime:0.000588s ]
INFO: [ app_begin ] --START--
INFO: Run Behavior\ReadHtmlCacheBehavior [ RunTime:0.000548s ]
INFO: [ app_begin ] --END-- [ RunTime:0.000613s ]
INFO: [ view_parse ] --START--
NOTIC: [2] filemtime(): stat failed for ./Application/Runtime/Cache\8378b70862d866fede2c1372bd9cfe4821690da8.file.index.html.php E:\PHPServer\www\xm\ThinkPHP\Library\Vendor\Smarty\sysplugins\smarty_resource.php 第 683 行.
ERR: Syntax Error in template "./Application/Home/View\Index\index.html"  on line 43 "$('#demo1').slideBox({duration : 0.4,delay:5,});"  - Unexpected " : ", expected one of: "}" , " "

[ 2017-02-12T22:26:48+08:00 ] 127.0.0.1 /xm/index.php/Home/Index/index.html
INFO: [ app_init ] --START--
INFO: Run Behavior\BuildLiteBehavior [ RunTime:0.000024s ]
INFO: [ app_init ] --END-- [ RunTime:0.000908s ]
INFO: [ app_begin ] --START--
INFO: Run Behavior\ReadHtmlCacheBehavior [ RunTime:0.000792s ]
INFO: [ app_begin ] --END-- [ RunTime:0.000895s ]
INFO: [ view_parse ] --START--
NOTIC: [2] filemtime(): stat failed for ./Application/Runtime/Cache\8378b70862d866fede2c1372bd9cfe4821690da8.file.index.html.php E:\PHPServer\www\xm\ThinkPHP\Library\Vendor\Smarty\sysplugins\smarty_resource.php 第 683 行.
ERR: Syntax Error in template "./Application/Home/View\Index\index.html"  on line 43 "$('#demo1').slideBox({duration : 0.4,delay:5,});"  - Unexpected " : ", expected one of: "}" , " "

[ 2017-02-12T22:27:40+08:00 ] 127.0.0.1 /xm/index.php/Home/Index/index.html
INFO: [ app_init ] --START--
INFO: Run Behavior\BuildLiteBehavior [ RunTime:0.000011s ]
INFO: [ app_init ] --END-- [ RunTime:0.000334s ]
INFO: [ app_begin ] --START--
INFO: Run Behavior\ReadHtmlCacheBehavior [ RunTime:0.000388s ]
INFO: [ app_begin ] --END-- [ RunTime:0.000429s ]
INFO: [ view_parse ] --START--
NOTIC: [2] filemtime(): stat failed for ./Application/Runtime/Cache\8378b70862d866fede2c1372bd9cfe4821690da8.file.index.html.php E:\PHPServer\www\xm\ThinkPHP\Library\Vendor\Smarty\sysplugins\smarty_resource.php 第 683 行.
ERR: Syntax Error in template "./Application/Home/View\Index\index.html"  on line 43 "$('#demo-1').slideBox({duration : 0.4,delay:5,});"  - Unexpected " : ", expected one of: "}" , " "

[ 2017-02-12T22:28:08+08:00 ] 127.0.0.1 /xm/index.php/Home/Index/index.html
INFO: [ app_init ] --START--
INFO: Run Behavior\BuildLiteBehavior [ RunTime:0.000015s ]
INFO: [ app_init ] --END-- [ RunTime:0.000400s ]
INFO: [ app_begin ] --START--
INFO: Run Behavior\ReadHtmlCacheBehavior [ RunTime:0.000456s ]
INFO: [ app_begin ] --END-- [ RunTime:0.000512s ]
INFO: [ view_parse ] --START--
NOTIC: [2] filemtime(): stat failed for ./Application/Runtime/Cache\8378b70862d866fede2c1372bd9cfe4821690da8.file.index.html.php E:\PHPServer\www\xm\ThinkPHP\Library\Vendor\Smarty\sysplugins\smarty_resource.php 第 683 行.
NOTIC: [2] unlink(./Application/Runtime/Cache\8378b70862d866fede2c1372bd9cfe4821690da8.file.index.html.php): No such file or directory E:\PHPServer\www\xm\ThinkPHP\Library\Vendor\Smarty\sysplugins\smarty_internal_write_file.php 第 49 行.
NOTIC: [8] Undefined index: art_data E:\PHPServer\www\xm\Application\Runtime\Cache\8378b70862d866fede2c1372bd9cfe4821690da8.file.index.html.php 第 131 行.
NOTIC: [8] Trying to get property of non-object E:\PHPServer\www\xm\Application\Runtime\Cache\8378b70862d866fede2c1372bd9cfe4821690da8.file.index.html.php 第 131 行.
NOTIC: [8] Undefined index: art_data1 E:\PHPServer\www\xm\Application\Runtime\Cache\8378b70862d866fede2c1372bd9cfe4821690da8.file.index.html.php 第 171 行.
NOTIC: [8] Trying to get property of non-object E:\PHPServer\www\xm\Application\Runtime\Cache\8378b70862d866fede2c1372bd9cfe4821690da8.file.index.html.php 第 171 行.
NOTIC: [8] Undefined index: art_data2 E:\PHPServer\www\xm\Application\Runtime\Cache\8378b70862d866fede2c1372bd9cfe4821690da8.file.index.html.php 第 209 行.
NOTIC: [8] Trying to get property of non-object E:\PHPServer\www\xm\Application\Runtime\Cache\8378b70862d866fede2c1372bd9cfe4821690da8.file.index.html.php 第 209 行.
NOTIC: [8] Undefined index: art_data3 E:\PHPServer\www\xm\Application\Runtime\Cache\8378b70862d866fede2c1372bd9cfe4821690da8.file.index.html.php 第 264 行.
NOTIC: [8] Trying to get property of non-object E:\PHPServer\www\xm\Application\Runtime\Cache\8378b70862d866fede2c1372bd9cfe4821690da8.file.index.html.php 第 264 行.
NOTIC: [8] Undefined index: art_data4 E:\PHPServer\www\xm\Application\Runtime\Cache\8378b70862d866fede2c1372bd9cfe4821690da8.file.index.html.php 第 298 行.
NOTIC: [8] Trying to get property of non-object E:\PHPServer\www\xm\Application\Runtime\Cache\8378b70862d866fede2c1372bd9cfe4821690da8.file.index.html.php 第 298 行.
INFO: Run Behavior\ParseTemplateBehavior [ RunTime:0.070787s ]
INFO: [ view_parse ] --END-- [ RunTime:0.070847s ]
INFO: [ view_filter ] --START--
INFO: Run Behavior\WriteHtmlCacheBehavior [ RunTime:0.000480s ]
INFO: [ view_filter ] --END-- [ RunTime:0.000519s ]
INFO: [ template_filter ] --START--
INFO: Run Behavior\ContentReplaceBehavior [ RunTime:0.000081s ]
INFO: [ template_filter ] --END-- [ RunTime:0.000109s ]
INFO: [ app_end ] --START--
INFO: Run Behavior\ShowPageTraceBehavior [ RunTime:0.000581s ]
INFO: [ app_end ] --END-- [ RunTime:0.000630s ]

[ 2017-02-12T22:29:36+08:00 ] 127.0.0.1 /xm/index.php/Home/Index/index.html
INFO: [ app_init ] --START--
INFO: Run Behavior\BuildLiteBehavior [ RunTime:0.000019s ]
INFO: [ app_init ] --END-- [ RunTime:0.000433s ]
INFO: [ app_begin ] --START--
INFO: Run Behavior\ReadHtmlCacheBehavior [ RunTime:0.000671s ]
INFO: [ app_begin ] --END-- [ RunTime:0.000742s ]
INFO: [ view_parse ] --START--
NOTIC: [8] Undefined index: art_data E:\PHPServer\www\xm\Application\Runtime\Cache\8378b70862d866fede2c1372bd9cfe4821690da8.file.index.html.php 第 145 行.
NOTIC: [8] Trying to get property of non-object E:\PHPServer\www\xm\Application\Runtime\Cache\8378b70862d866fede2c1372bd9cfe4821690da8.file.index.html.php 第 145 行.
NOTIC: [8] Undefined index: art_data1 E:\PHPServer\www\xm\Application\Runtime\Cache\8378b70862d866fede2c1372bd9cfe4821690da8.file.index.html.php 第 185 行.
NOTIC: [8] Trying to get property of non-object E:\PHPServer\www\xm\Application\Runtime\Cache\8378b70862d866fede2c1372bd9cfe4821690da8.file.index.html.php 第 185 行.
NOTIC: [8] Undefined index: art_data2 E:\PHPServer\www\xm\Application\Runtime\Cache\8378b70862d866fede2c1372bd9cfe4821690da8.file.index.html.php 第 223 行.
NOTIC: [8] Trying to get property of non-object E:\PHPServer\www\xm\Application\Runtime\Cache\8378b70862d866fede2c1372bd9cfe4821690da8.file.index.html.php 第 223 行.
NOTIC: [8] Undefined index: art_data3 E:\PHPServer\www\xm\Application\Runtime\Cache\8378b70862d866fede2c1372bd9cfe4821690da8.file.index.html.php 第 278 行.
NOTIC: [8] Trying to get property of non-object E:\PHPServer\www\xm\Application\Runtime\Cache\8378b70862d866fede2c1372bd9cfe4821690da8.file.index.html.php 第 278 行.
NOTIC: [8] Undefined index: art_data4 E:\PHPServer\www\xm\Application\Runtime\Cache\8378b70862d866fede2c1372bd9cfe4821690da8.file.index.html.php 第 312 行.
NOTIC: [8] Trying to get property of non-object E:\PHPServer\www\xm\Application\Runtime\Cache\8378b70862d866fede2c1372bd9cfe4821690da8.file.index.html.php 第 312 行.
INFO: Run Behavior\ParseTemplateBehavior [ RunTime:0.085734s ]
INFO: [ view_parse ] --END-- [ RunTime:0.085786s ]
INFO: [ view_filter ] --START--
INFO: Run Behavior\WriteHtmlCacheBehavior [ RunTime:0.000426s ]
INFO: [ view_filter ] --END-- [ RunTime:0.000458s ]
INFO: [ template_filter ] --START--
INFO: Run Behavior\ContentReplaceBehavior [ RunTime:0.000075s ]
INFO: [ template_filter ] --END-- [ RunTime:0.000100s ]
INFO: [ app_end ] --START--
INFO: Run Behavior\ShowPageTraceBehavior [ RunTime:0.000566s ]
INFO: [ app_end ] --END-- [ RunTime:0.000614s ]

[ 2017-02-12T22:29:37+08:00 ] 127.0.0.1 /xm/index.php/Home/Index/undefined
INFO: [ app_init ] --START--
INFO: Run Behavior\BuildLiteBehavior [ RunTime:0.000013s ]
INFO: [ app_init ] --END-- [ RunTime:0.000379s ]
INFO: [ app_begin ] --START--
INFO: Run Behavior\ReadHtmlCacheBehavior [ RunTime:0.000905s ]
INFO: [ app_begin ] --END-- [ RunTime:0.000997s ]
ERR: 非法操作:undefined

[ 2017-02-12T22:31:19+08:00 ] 127.0.0.1 /xm/index.php/Home/Index/index.html
INFO: [ app_init ] --START--
INFO: Run Behavior\BuildLiteBehavior [ RunTime:0.000011s ]
INFO: [ app_init ] --END-- [ RunTime:0.000363s ]
INFO: [ app_begin ] --START--
INFO: Run Behavior\ReadHtmlCacheBehavior [ RunTime:0.000476s ]
INFO: [ app_begin ] --END-- [ RunTime:0.000521s ]
INFO: [ view_parse ] --START--
NOTIC: [8] Undefined index: art_data E:\PHPServer\www\xm\Application\Runtime\Cache\8378b70862d866fede2c1372bd9cfe4821690da8.file.index.html.php 第 154 行.
NOTIC: [8] Trying to get property of non-object E:\PHPServer\www\xm\Application\Runtime\Cache\8378b70862d866fede2c1372bd9cfe4821690da8.file.index.html.php 第 154 行.
NOTIC: [8] Undefined index: art_data1 E:\PHPServer\www\xm\Application\Runtime\Cache\8378b70862d866fede2c1372bd9cfe4821690da8.file.index.html.php 第 194 行.
NOTIC: [8] Trying to get property of non-object E:\PHPServer\www\xm\Application\Runtime\Cache\8378b70862d866fede2c1372bd9cfe4821690da8.file.index.html.php 第 194 行.
NOTIC: [8] Undefined index: art_data2 E:\PHPServer\www\xm\Application\Runtime\Cache\8378b70862d866fede2c1372bd9cfe4821690da8.file.index.html.php 第 232 行.
NOTIC: [8] Trying to get property of non-object E:\PHPServer\www\xm\Application\Runtime\Cache\8378b70862d866fede2c1372bd9cfe4821690da8.file.index.html.php 第 232 行.
NOTIC: [8] Undefined index: art_data3 E:\PHPServer\www\xm\Application\Runtime\Cache\8378b70862d866fede2c1372bd9cfe4821690da8.file.index.html.php 第 290 行.
NOTIC: [8] Trying to get property of non-object E:\PHPServer\www\xm\Application\Runtime\Cache\8378b70862d866fede2c1372bd9cfe4821690da8.file.index.html.php 第 290 行.
NOTIC: [8] Undefined index: art_data4 E:\PHPServer\www\xm\Application\Runtime\Cache\8378b70862d866fede2c1372bd9cfe4821690da8.file.index.html.php 第 325 行.
NOTIC: [8] Trying to get property of non-object E:\PHPServer\www\xm\Application\Runtime\Cache\8378b70862d866fede2c1372bd9cfe4821690da8.file.index.html.php 第 325 行.
INFO: Run Behavior\ParseTemplateBehavior [ RunTime:0.089200s ]
INFO: [ view_parse ] --END-- [ RunTime:0.089285s ]
INFO: [ view_filter ] --START--
INFO: Run Behavior\WriteHtmlCacheBehavior [ RunTime:0.000814s ]
INFO: [ view_filter ] --END-- [ RunTime:0.000871s ]
INFO: [ template_filter ] --START--
INFO: Run Behavior\ContentReplaceBehavior [ RunTime:0.000112s ]
INFO: [ template_filter ] --END-- [ RunTime:0.000152s ]
INFO: [ app_end ] --START--
INFO: Run Behavior\ShowPageTraceBehavior [ RunTime:0.000491s ]
INFO: [ app_end ] --END-- [ RunTime:0.000548s ]

[ 2017-02-12T22:31:20+08:00 ] 127.0.0.1 /xm/index.php/Home/Index/undefined
INFO: [ app_init ] --START--
INFO: Run Behavior\BuildLiteBehavior [ RunTime:0.000043s ]
INFO: [ app_init ] --END-- [ RunTime:0.000870s ]
INFO: [ app_begin ] --START--
INFO: Run Behavior\ReadHtmlCacheBehavior [ RunTime:0.001306s ]
INFO: [ app_begin ] --END-- [ RunTime:0.001410s ]
ERR: 非法操作:undefined

[ 2017-02-12T22:31:40+08:00 ] 127.0.0.1 /xm/index.php/Home/Index/article_show.php?id=47
INFO: [ app_init ] --START--
INFO: Run Behavior\BuildLiteBehavior [ RunTime:0.000012s ]
INFO: [ app_init ] --END-- [ RunTime:0.000349s ]
INFO: [ app_begin ] --START--
INFO: Run Behavior\ReadHtmlCacheBehavior [ RunTime:0.000461s ]
INFO: [ app_begin ] --END-- [ RunTime:0.000503s ]
ERR: 非法操作:article_show.php

[ 2017-02-12T22:31:42+08:00 ] 127.0.0.1 /xm/index.php/Home/Index/undefined
INFO: [ app_init ] --START--
INFO: Run Behavior\BuildLiteBehavior [ RunTime:0.000019s ]
INFO: [ app_init ] --END-- [ RunTime:0.000557s ]
INFO: [ app_begin ] --START--
INFO: Run Behavior\ReadHtmlCacheBehavior [ RunTime:0.000598s ]
INFO: [ app_begin ] --END-- [ RunTime:0.000678s ]
ERR: 非法操作:undefined

[ 2017-02-12T22:31:43+08:00 ] 127.0.0.1 /xm/index.php/Home/Index/article_list.php?cid=6
INFO: [ app_init ] --START--
INFO: Run Behavior\BuildLiteBehavior [ RunTime:0.000011s ]
INFO: [ app_init ] --END-- [ RunTime:0.000273s ]
INFO: [ app_begin ] --START--
INFO: Run Behavior\ReadHtmlCacheBehavior [ RunTime:0.000353s ]
INFO: [ app_begin ] --END-- [ RunTime:0.000395s ]
ERR: 非法操作:article_list.php

[ 2017-02-12T22:31:45+08:00 ] 127.0.0.1 /xm/index.php/Home/Index/undefined
INFO: [ app_init ] --START--
INFO: Run Behavior\BuildLiteBehavior [ RunTime:0.000018s ]
INFO: [ app_init ] --END-- [ RunTime:0.000471s ]
INFO: [ app_begin ] --START--
INFO: Run Behavior\ReadHtmlCacheBehavior [ RunTime:0.000609s ]
INFO: [ app_begin ] --END-- [ RunTime:0.000681s ]
ERR: 非法操作:undefined

[ 2017-02-12T22:31:45+08:00 ] 127.0.0.1 /xm/index.php/Home/Index/platform.php
INFO: [ app_init ] --START--
INFO: Run Behavior\BuildLiteBehavior [ RunTime:0.000063s ]
INFO: [ app_init ] --END-- [ RunTime:0.000643s ]
INFO: [ app_begin ] --START--
INFO: Run Behavior\ReadHtmlCacheBehavior [ RunTime:0.000378s ]
INFO: [ app_begin ] --END-- [ RunTime:0.000441s ]
ERR: 非法操作:platform.php

[ 2017-02-12T22:31:47+08:00 ] 127.0.0.1 /xm/index.php/Home/Index/undefined
INFO: [ app_init ] --START--
INFO: Run Behavior\BuildLiteBehavior [ RunTime:0.000017s ]
INFO: [ app_init ] --END-- [ RunTime:0.000454s ]
INFO: [ app_begin ] --START--
INFO: Run Behavior\ReadHtmlCacheBehavior [ RunTime:0.000598s ]
INFO: [ app_begin ] --END-- [ RunTime:0.000673s ]
ERR: 非法操作:undefined

[ 2017-02-12T22:32:39+08:00 ] 127.0.0.1 /xm/index.php/Home/Index/index.html
INFO: [ app_init ] --START--
INFO: Run Behavior\BuildLiteBehavior [ RunTime:0.000011s ]
INFO: [ app_init ] --END-- [ RunTime:0.000349s ]
INFO: [ app_begin ] --START--
INFO: Run Behavior\ReadHtmlCacheBehavior [ RunTime:0.000398s ]
INFO: [ app_begin ] --END-- [ RunTime:0.000441s ]
INFO: [ view_parse ] --START--
NOTIC: [8] Undefined index: art_data E:\PHPServer\www\xm\Application\Runtime\Cache\8378b70862d866fede2c1372bd9cfe4821690da8.file.index.html.php 第 154 行.
NOTIC: [8] Trying to get property of non-object E:\PHPServer\www\xm\Application\Runtime\Cache\8378b70862d866fede2c1372bd9cfe4821690da8.file.index.html.php 第 154 行.
NOTIC: [8] Undefined index: art_data1 E:\PHPServer\www\xm\Application\Runtime\Cache\8378b70862d866fede2c1372bd9cfe4821690da8.file.index.html.php 第 194 行.
NOTIC: [8] Trying to get property of non-object E:\PHPServer\www\xm\Application\Runtime\Cache\8378b70862d866fede2c1372bd9cfe4821690da8.file.index.html.php 第 194 行.
NOTIC: [8] Undefined index: art_data2 E:\PHPServer\www\xm\Application\Runtime\Cache\8378b70862d866fede2c1372bd9cfe4821690da8.file.index.html.php 第 232 行.
NOTIC: [8] Trying to get property of non-object E:\PHPServer\www\xm\Application\Runtime\Cache\8378b70862d866fede2c1372bd9cfe4821690da8.file.index.html.php 第 232 行.
NOTIC: [8] Undefined index: art_data3 E:\PHPServer\www\xm\Application\Runtime\Cache\8378b70862d866fede2c1372bd9cfe4821690da8.file.index.html.php 第 290 行.
NOTIC: [8] Trying to get property of non-object E:\PHPServer\www\xm\Application\Runtime\Cache\8378b70862d866fede2c1372bd9cfe4821690da8.file.index.html.php 第 290 行.
NOTIC: [8] Undefined index: art_data4 E:\PHPServer\www\xm\Application\Runtime\Cache\8378b70862d866fede2c1372bd9cfe4821690da8.file.index.html.php 第 325 行.
NOTIC: [8] Trying to get property of non-object E:\PHPServer\www\xm\Application\Runtime\Cache\8378b70862d866fede2c1372bd9cfe4821690da8.file.index.html.php 第 325 行.
INFO: Run Behavior\ParseTemplateBehavior [ RunTime:0.009591s ]
INFO: [ view_parse ] --END-- [ RunTime:0.009640s ]
INFO: [ view_filter ] --START--
INFO: Run Behavior\WriteHtmlCacheBehavior [ RunTime:0.000307s ]
INFO: [ view_filter ] --END-- [ RunTime:0.000339s ]
INFO: [ template_filter ] --START--
INFO: Run Behavior\ContentReplaceBehavior [ RunTime:0.000089s ]
INFO: [ template_filter ] --END-- [ RunTime:0.000113s ]
INFO: [ app_end ] --START--
INFO: Run Behavior\ShowPageTraceBehavior [ RunTime:0.000446s ]
INFO: [ app_end ] --END-- [ RunTime:0.000484s ]

[ 2017-02-12T22:32:40+08:00 ] 127.0.0.1 /xm/index.php/Home/Index/undefined
INFO: [ app_init ] --START--
INFO: Run Behavior\BuildLiteBehavior [ RunTime:0.000015s ]
INFO: [ app_init ] --END-- [ RunTime:0.000485s ]
INFO: [ app_begin ] --START--
INFO: Run Behavior\ReadHtmlCacheBehavior [ RunTime:0.001137s ]
INFO: [ app_begin ] --END-- [ RunTime:0.001232s ]
ERR: 非法操作:undefined

[ 2017-02-12T22:32:41+08:00 ] 127.0.0.1 /xm/index.php/Home/Index/aboutus.php
INFO: [ app_init ] --START--
INFO: Run Behavior\BuildLiteBehavior [ RunTime:0.000012s ]
INFO: [ app_init ] --END-- [ RunTime:0.000306s ]
INFO: [ app_begin ] --START--
INFO: Run Behavior\ReadHtmlCacheBehavior [ RunTime:0.000407s ]
INFO: [ app_begin ] --END-- [ RunTime:0.000452s ]
ERR: 非法操作:aboutus.php

[ 2017-02-12T22:32:43+08:00 ] 127.0.0.1 /xm/index.php/Home/Index/undefined
INFO: [ app_init ] --START--
INFO: Run Behavior\BuildLiteBehavior [ RunTime:0.000019s ]
INFO: [ app_init ] --END-- [ RunTime:0.000489s ]
INFO: [ app_begin ] --START--
INFO: Run Behavior\ReadHtmlCacheBehavior [ RunTime:0.000805s ]
INFO: [ app_begin ] --END-- [ RunTime:0.001083s ]
ERR: 非法操作:undefined

[ 2017-02-12T22:36:02+08:00 ] 127.0.0.1 /xm/index.php/Home/Index/index.html
INFO: [ app_init ] --START--
INFO: Run Behavior\BuildLiteBehavior [ RunTime:0.000012s ]
INFO: [ app_init ] --END-- [ RunTime:0.000322s ]
INFO: [ app_begin ] --START--
INFO: Run Behavior\ReadHtmlCacheBehavior [ RunTime:0.000485s ]
INFO: [ app_begin ] --END-- [ RunTime:0.000527s ]
INFO: [ view_parse ] --START--
NOTIC: [8] Undefined index: art_data E:\PHPServer\www\xm\Application\Runtime\Cache\8378b70862d866fede2c1372bd9cfe4821690da8.file.index.html.php 第 154 行.
NOTIC: [8] Trying to get property of non-object E:\PHPServer\www\xm\Application\Runtime\Cache\8378b70862d866fede2c1372bd9cfe4821690da8.file.index.html.php 第 154 行.
NOTIC: [8] Undefined index: art_data1 E:\PHPServer\www\xm\Application\Runtime\Cache\8378b70862d866fede2c1372bd9cfe4821690da8.file.index.html.php 第 194 行.
NOTIC: [8] Trying to get property of non-object E:\PHPServer\www\xm\Application\Runtime\Cache\8378b70862d866fede2c1372bd9cfe4821690da8.file.index.html.php 第 194 行.
NOTIC: [8] Undefined index: art_data2 E:\PHPServer\www\xm\Application\Runtime\Cache\8378b70862d866fede2c1372bd9cfe4821690da8.file.index.html.php 第 232 行.
NOTIC: [8] Trying to get property of non-object E:\PHPServer\www\xm\Application\Runtime\Cache\8378b70862d866fede2c1372bd9cfe4821690da8.file.index.html.php 第 232 行.
NOTIC: [8] Undefined index: art_data3 E:\PHPServer\www\xm\Application\Runtime\Cache\8378b70862d866fede2c1372bd9cfe4821690da8.file.index.html.php 第 290 行.
NOTIC: [8] Trying to get property of non-object E:\PHPServer\www\xm\Application\Runtime\Cache\8378b70862d866fede2c1372bd9cfe4821690da8.file.index.html.php 第 290 行.
NOTIC: [8] Undefined index: art_data4 E:\PHPServer\www\xm\Application\Runtime\Cache\8378b70862d866fede2c1372bd9cfe4821690da8.file.index.html.php 第 325 行.
NOTIC: [8] Trying to get property of non-object E:\PHPServer\www\xm\Application\Runtime\Cache\8378b70862d866fede2c1372bd9cfe4821690da8.file.index.html.php 第 325 行.
INFO: Run Behavior\ParseTemplateBehavior [ RunTime:0.085254s ]
INFO: [ view_parse ] --END-- [ RunTime:0.085312s ]
INFO: [ view_filter ] --START--
INFO: Run Behavior\WriteHtmlCacheBehavior [ RunTime:0.000432s ]
INFO: [ view_filter ] --END-- [ RunTime:0.000468s ]
INFO: [ template_filter ] --START--
INFO: Run Behavior\ContentReplaceBehavior [ RunTime:0.000099s ]
INFO: [ template_filter ] --END-- [ RunTime:0.000133s ]
INFO: [ app_end ] --START--
INFO: Run Behavior\ShowPageTraceBehavior [ RunTime:0.000539s ]
INFO: [ app_end ] --END-- [ RunTime:0.000587s ]

[ 2017-02-12T22:36:02+08:00 ] 127.0.0.1 /xm/index.php/Home/Index/undefined
INFO: [ app_init ] --START--
INFO: Run Behavior\BuildLiteBehavior [ RunTime:0.000013s ]
INFO: [ app_init ] --END-- [ RunTime:0.000372s ]
INFO: [ app_begin ] --START--
INFO: Run Behavior\ReadHtmlCacheBehavior [ RunTime:0.001058s ]
INFO: [ app_begin ] --END-- [ RunTime:0.001139s ]
ERR: 非法操作:undefined

[ 2017-02-12T22:36:03+08:00 ] 127.0.0.1 /xm/index.php/Home/Index/aboutus
INFO: [ app_init ] --START--
INFO: Run Behavior\BuildLiteBehavior [ RunTime:0.000014s ]
INFO: [ app_init ] --END-- [ RunTime:0.000452s ]
INFO: [ app_begin ] --START--
INFO: Run Behavior\ReadHtmlCacheBehavior [ RunTime:0.000671s ]
INFO: [ app_begin ] --END-- [ RunTime:0.000724s ]
INFO: [ view_parse ] --START--
NOTIC: [2] filemtime(): stat failed for ./Application/Runtime/Cache\b00175863d5352ed1e35a91abc4f267650889ee4.file.aboutus.html.php E:\PHPServer\www\xm\ThinkPHP\Library\Vendor\Smarty\sysplugins\smarty_resource.php 第 683 行.
ERR: Syntax Error in template "./Application/Home/View\Index\aboutus.html"  on line 52 ".title_nav{margin-top:15px;font-size:14px;font-family:&quot;楷体&quot;}"  - Unexpected ":", expected one of: "}" , " "

[ 2017-02-12T22:36:08+08:00 ] 127.0.0.1 /xm/index.php/Home/Index/undefined
INFO: [ app_init ] --START--
INFO: Run Behavior\BuildLiteBehavior [ RunTime:0.000018s ]
INFO: [ app_init ] --END-- [ RunTime:0.000545s ]
INFO: [ app_begin ] --START--
INFO: Run Behavior\ReadHtmlCacheBehavior [ RunTime:0.001483s ]
INFO: [ app_begin ] --END-- [ RunTime:0.001583s ]
ERR: 非法操作:undefined

[ 2017-02-12T22:36:37+08:00 ] 127.0.0.1 /xm/index.php/Home/Index/aboutus
INFO: [ app_init ] --START--
INFO: Run Behavior\BuildLiteBehavior [ RunTime:0.000012s ]
INFO: [ app_init ] --END-- [ RunTime:0.000321s ]
INFO: [ app_begin ] --START--
INFO: Run Behavior\ReadHtmlCacheBehavior [ RunTime:0.000606s ]
INFO: [ app_begin ] --END-- [ RunTime:0.000663s ]
INFO: [ view_parse ] --START--
NOTIC: [2] filemtime(): stat failed for ./Application/Runtime/Cache\b00175863d5352ed1e35a91abc4f267650889ee4.file.aboutus.html.php E:\PHPServer\www\xm\ThinkPHP\Library\Vendor\Smarty\sysplugins\smarty_resource.php 第 683 行.
ERR: Syntax Error in template "./Application/Home/View\Index\aboutus.html"  on line 52 ".title_nav{margin-top:15px;font-size:14px;font-family:&quot;楷体&quot;}"  - Unexpected ":", expected one of: "}" , " "

[ 2017-02-12T22:36:41+08:00 ] 127.0.0.1 /xm/index.php/Home/Index/undefined
INFO: [ app_init ] --START--
INFO: Run Behavior\BuildLiteBehavior [ RunTime:0.000022s ]
INFO: [ app_init ] --END-- [ RunTime:0.000607s ]
INFO: [ app_begin ] --START--
INFO: Run Behavior\ReadHtmlCacheBehavior [ RunTime:0.001033s ]
INFO: [ app_begin ] --END-- [ RunTime:0.001114s ]
ERR: 非法操作:undefined

[ 2017-02-12T22:37:29+08:00 ] 127.0.0.1 /xm/index.php/Home/Index/aboutus
INFO: [ app_init ] --START--
INFO: Run Behavior\BuildLiteBehavior [ RunTime:0.000011s ]
INFO: [ app_init ] --END-- [ RunTime:0.000309s ]
INFO: [ app_begin ] --START--
INFO: Run Behavior\ReadHtmlCacheBehavior [ RunTime:0.000617s ]
INFO: [ app_begin ] --END-- [ RunTime:0.000660s ]
INFO: [ view_parse ] --START--
NOTIC: [2] filemtime(): stat failed for ./Application/Runtime/Cache\b00175863d5352ed1e35a91abc4f267650889ee4.file.aboutus.html.php E:\PHPServer\www\xm\ThinkPHP\Library\Vendor\Smarty\sysplugins\smarty_resource.php 第 683 行.
ERR: Syntax Error in template "./Application/Home/View\Index\aboutus.html"  on line 183 "&lt;/html&gt;" missing or misspelled literal closing tag

[ 2017-02-12T22:37:38+08:00 ] 127.0.0.1 /xm/index.php/Home/Index/undefined
INFO: [ app_init ] --START--
INFO: Run Behavior\BuildLiteBehavior [ RunTime:0.000018s ]
INFO: [ app_init ] --END-- [ RunTime:0.000523s ]
INFO: [ app_begin ] --START--
INFO: Run Behavior\ReadHtmlCacheBehavior [ RunTime:0.001274s ]
INFO: [ app_begin ] --END-- [ RunTime:0.001363s ]
ERR: 非法操作:undefined

[ 2017-02-12T22:40:07+08:00 ] 127.0.0.1 /xm/index.php/Home/Index/index.html
INFO: [ app_init ] --START--
INFO: Run Behavior\BuildLiteBehavior [ RunTime:0.000012s ]
INFO: [ app_init ] --END-- [ RunTime:0.000372s ]
INFO: [ app_begin ] --START--
INFO: Run Behavior\ReadHtmlCacheBehavior [ RunTime:0.000606s ]
INFO: [ app_begin ] --END-- [ RunTime:0.000671s ]
INFO: [ view_parse ] --START--
NOTIC: [8] Undefined index: art_data E:\PHPServer\www\xm\Application\Runtime\Cache\8378b70862d866fede2c1372bd9cfe4821690da8.file.index.html.php 第 154 行.
NOTIC: [8] Trying to get property of non-object E:\PHPServer\www\xm\Application\Runtime\Cache\8378b70862d866fede2c1372bd9cfe4821690da8.file.index.html.php 第 154 行.
NOTIC: [8] Undefined index: art_data1 E:\PHPServer\www\xm\Application\Runtime\Cache\8378b70862d866fede2c1372bd9cfe4821690da8.file.index.html.php 第 194 行.
NOTIC: [8] Trying to get property of non-object E:\PHPServer\www\xm\Application\Runtime\Cache\8378b70862d866fede2c1372bd9cfe4821690da8.file.index.html.php 第 194 行.
NOTIC: [8] Undefined index: art_data2 E:\PHPServer\www\xm\Application\Runtime\Cache\8378b70862d866fede2c1372bd9cfe4821690da8.file.index.html.php 第 232 行.
NOTIC: [8] Trying to get property of non-object E:\PHPServer\www\xm\Application\Runtime\Cache\8378b70862d866fede2c1372bd9cfe4821690da8.file.index.html.php 第 232 行.
NOTIC: [8] Undefined index: art_data3 E:\PHPServer\www\xm\Application\Runtime\Cache\8378b70862d866fede2c1372bd9cfe4821690da8.file.index.html.php 第 290 行.
NOTIC: [8] Trying to get property of non-object E:\PHPServer\www\xm\Application\Runtime\Cache\8378b70862d866fede2c1372bd9cfe4821690da8.file.index.html.php 第 290 行.
NOTIC: [8] Undefined index: art_data4 E:\PHPServer\www\xm\Application\Runtime\Cache\8378b70862d866fede2c1372bd9cfe4821690da8.file.index.html.php 第 325 行.
NOTIC: [8] Trying to get property of non-object E:\PHPServer\www\xm\Application\Runtime\Cache\8378b70862d866fede2c1372bd9cfe4821690da8.file.index.html.php 第 325 行.
INFO: Run Behavior\ParseTemplateBehavior [ RunTime:0.012470s ]
INFO: [ view_parse ] --END-- [ RunTime:0.012519s ]
INFO: [ view_filter ] --START--
INFO: Run Behavior\WriteHtmlCacheBehavior [ RunTime:0.000560s ]
INFO: [ view_filter ] --END-- [ RunTime:0.000599s ]
INFO: [ template_filter ] --START--
INFO: Run Behavior\ContentReplaceBehavior [ RunTime:0.000110s ]
INFO: [ template_filter ] --END-- [ RunTime:0.000140s ]
INFO: [ app_end ] --START--
INFO: Run Behavior\ShowPageTraceBehavior [ RunTime:0.000701s ]
INFO: [ app_end ] --END-- [ RunTime:0.000748s ]

[ 2017-02-12T22:40:07+08:00 ] 127.0.0.1 /xm/index.php/Home/Index/undefined
INFO: [ app_init ] --START--
INFO: Run Behavior\BuildLiteBehavior [ RunTime:0.000014s ]
INFO: [ app_init ] --END-- [ RunTime:0.000460s ]
INFO: [ app_begin ] --START--
INFO: Run Behavior\ReadHtmlCacheBehavior [ RunTime:0.000634s ]
INFO: [ app_begin ] --END-- [ RunTime:0.000716s ]
ERR: 非法操作:undefined

[ 2017-02-12T22:40:08+08:00 ] 127.0.0.1 /xm/index.php/Home/Index/aboutus
INFO: [ app_init ] --START--
INFO: Run Behavior\BuildLiteBehavior [ RunTime:0.000022s ]
INFO: [ app_init ] --END-- [ RunTime:0.000760s ]
INFO: [ app_begin ] --START--
INFO: Run Behavior\ReadHtmlCacheBehavior [ RunTime:0.000643s ]
INFO: [ app_begin ] --END-- [ RunTime:0.000723s ]
INFO: [ view_parse ] --START--
NOTIC: [2] filemtime(): stat failed for ./Application/Runtime/Cache\b00175863d5352ed1e35a91abc4f267650889ee4.file.aboutus.html.php E:\PHPServer\www\xm\ThinkPHP\Library\Vendor\Smarty\sysplugins\smarty_resource.php 第 683 行.
NOTIC: [2] unlink(./Application/Runtime/Cache\b00175863d5352ed1e35a91abc4f267650889ee4.file.aboutus.html.php): No such file or directory E:\PHPServer\www\xm\ThinkPHP\Library\Vendor\Smarty\sysplugins\smarty_internal_write_file.php 第 49 行.
INFO: Run Behavior\ParseTemplateBehavior [ RunTime:0.056131s ]
INFO: [ view_parse ] --END-- [ RunTime:0.056212s ]
INFO: [ view_filter ] --START--
INFO: Run Behavior\WriteHtmlCacheBehavior [ RunTime:0.000571s ]
INFO: [ view_filter ] --END-- [ RunTime:0.000616s ]
INFO: [ template_filter ] --START--
INFO: Run Behavior\ContentReplaceBehavior [ RunTime:0.000088s ]
INFO: [ template_filter ] --END-- [ RunTime:0.000123s ]
INFO: [ app_end ] --START--
INFO: Run Behavior\ShowPageTraceBehavior [ RunTime:0.000698s ]
INFO: [ app_end ] --END-- [ RunTime:0.000747s ]

[ 2017-02-12T22:40:15+08:00 ] 127.0.0.1 /xm/index.php/Home/Index/index.php
INFO: [ app_init ] --START--
INFO: Run Behavior\BuildLiteBehavior [ RunTime:0.000011s ]
INFO: [ app_init ] --END-- [ RunTime:0.000354s ]
INFO: [ app_begin ] --START--
INFO: Run Behavior\ReadHtmlCacheBehavior [ RunTime:0.000447s ]
INFO: [ app_begin ] --END-- [ RunTime:0.000502s ]
ERR: 非法操作:index.php

[ 2017-02-12T22:40:50+08:00 ] 127.0.0.1 /xm/index.php/Home/Index/aboutus
INFO: [ app_init ] --START--
INFO: Run Behavior\BuildLiteBehavior [ RunTime:0.000012s ]
INFO: [ app_init ] --END-- [ RunTime:0.000325s ]
INFO: [ app_begin ] --START--
INFO: Run Behavior\ReadHtmlCacheBehavior [ RunTime:0.000385s ]
INFO: [ app_begin ] --END-- [ RunTime:0.000426s ]
INFO: [ view_parse ] --START--
INFO: Run Behavior\ParseTemplateBehavior [ RunTime:0.041566s ]
INFO: [ view_parse ] --END-- [ RunTime:0.041636s ]
INFO: [ view_filter ] --START--
INFO: Run Behavior\WriteHtmlCacheBehavior [ RunTime:0.000487s ]
INFO: [ view_filter ] --END-- [ RunTime:0.000527s ]
INFO: [ template_filter ] --START--
INFO: Run Behavior\ContentReplaceBehavior [ RunTime:0.000086s ]
INFO: [ template_filter ] --END-- [ RunTime:0.000117s ]
INFO: [ app_end ] --START--
INFO: Run Behavior\ShowPageTraceBehavior [ RunTime:0.000628s ]
INFO: [ app_end ] --END-- [ RunTime:0.000684s ]

[ 2017-02-12T22:40:51+08:00 ] 127.0.0.1 /xm/index.php/Home/Index/__Module__/Home/index
INFO: [ app_init ] --START--
INFO: Run Behavior\BuildLiteBehavior [ RunTime:0.000021s ]
INFO: [ app_init ] --END-- [ RunTime:0.000651s ]
INFO: [ app_begin ] --START--
INFO: Run Behavior\ReadHtmlCacheBehavior [ RunTime:0.000674s ]
INFO: [ app_begin ] --END-- [ RunTime:0.000739s ]
ERR: 非法操作:__Module__

[ 2017-02-12T22:41:02+08:00 ] 127.0.0.1 /xm/index.php/Home/Index/aboutus
INFO: [ app_init ] --START--
INFO: Run Behavior\BuildLiteBehavior [ RunTime:0.000028s ]
INFO: [ app_init ] --END-- [ RunTime:0.000544s ]
INFO: [ app_begin ] --START--
INFO: Run Behavior\ReadHtmlCacheBehavior [ RunTime:0.000465s ]
INFO: [ app_begin ] --END-- [ RunTime:0.000530s ]
INFO: [ view_parse ] --START--
INFO: Run Behavior\ParseTemplateBehavior [ RunTime:0.047367s ]
INFO: [ view_parse ] --END-- [ RunTime:0.047446s ]
INFO: [ view_filter ] --START--
INFO: Run Behavior\WriteHtmlCacheBehavior [ RunTime:0.000459s ]
INFO: [ view_filter ] --END-- [ RunTime:0.000501s ]
INFO: [ template_filter ] --START--
INFO: Run Behavior\ContentReplaceBehavior [ RunTime:0.000097s ]
INFO: [ template_filter ] --END-- [ RunTime:0.000134s ]
INFO: [ app_end ] --START--
INFO: Run Behavior\ShowPageTraceBehavior [ RunTime:0.000595s ]
INFO: [ app_end ] --END-- [ RunTime:0.000644s ]

[ 2017-02-12T22:41:03+08:00 ] 127.0.0.1 /xm/index.php/Home/Home/index
INFO: [ app_init ] --START--
INFO: Run Behavior\BuildLiteBehavior [ RunTime:0.000020s ]
INFO: [ app_init ] --END-- [ RunTime:0.000587s ]
INFO: [ app_begin ] --START--
INFO: Run Behavior\ReadHtmlCacheBehavior [ RunTime:0.000680s ]
INFO: [ app_begin ] --END-- [ RunTime:0.000744s ]
ERR: 无法加载控制器:Home

[ 2017-02-12T22:41:31+08:00 ] 127.0.0.1 /xm/index.php/Home/Index/aboutus
INFO: [ app_init ] --START--
INFO: Run Behavior\BuildLiteBehavior [ RunTime:0.000029s ]
INFO: [ app_init ] --END-- [ RunTime:0.000613s ]
INFO: [ app_begin ] --START--
INFO: Run Behavior\ReadHtmlCacheBehavior [ RunTime:0.001379s ]
INFO: [ app_begin ] --END-- [ RunTime:0.001496s ]
INFO: [ view_parse ] --START--
INFO: Run Behavior\ParseTemplateBehavior [ RunTime:0.041671s ]
INFO: [ view_parse ] --END-- [ RunTime:0.041737s ]
INFO: [ view_filter ] --START--
INFO: Run Behavior\WriteHtmlCacheBehavior [ RunTime:0.000493s ]
INFO: [ view_filter ] --END-- [ RunTime:0.000536s ]
INFO: [ template_filter ] --START--
INFO: Run Behavior\ContentReplaceBehavior [ RunTime:0.000109s ]
INFO: [ template_filter ] --END-- [ RunTime:0.000141s ]
INFO: [ app_end ] --START--
INFO: Run Behavior\ShowPageTraceBehavior [ RunTime:0.000712s ]
INFO: [ app_end ] --END-- [ RunTime:0.000792s ]

[ 2017-02-12T22:41:32+08:00 ] 127.0.0.1 /xm/index.php/Home/Index/index
INFO: [ app_init ] --START--
INFO: Run Behavior\BuildLiteBehavior [ RunTime:0.000012s ]
INFO: [ app_init ] --END-- [ RunTime:0.000346s ]
INFO: [ app_begin ] --START--
INFO: Run Behavior\ReadHtmlCacheBehavior [ RunTime:0.000439s ]
INFO: [ app_begin ] --END-- [ RunTime:0.000498s ]
INFO: [ view_parse ] --START--
NOTIC: [8] Undefined index: art_data E:\PHPServer\www\xm\Application\Runtime\Cache\8378b70862d866fede2c1372bd9cfe4821690da8.file.index.html.php 第 154 行.
NOTIC: [8] Trying to get property of non-object E:\PHPServer\www\xm\Application\Runtime\Cache\8378b70862d866fede2c1372bd9cfe4821690da8.file.index.html.php 第 154 行.
NOTIC: [8] Undefined index: art_data1 E:\PHPServer\www\xm\Application\Runtime\Cache\8378b70862d866fede2c1372bd9cfe4821690da8.file.index.html.php 第 194 行.
NOTIC: [8] Trying to get property of non-object E:\PHPServer\www\xm\Application\Runtime\Cache\8378b70862d866fede2c1372bd9cfe4821690da8.file.index.html.php 第 194 行.
NOTIC: [8] Undefined index: art_data2 E:\PHPServer\www\xm\Application\Runtime\Cache\8378b70862d866fede2c1372bd9cfe4821690da8.file.index.html.php 第 232 行.
NOTIC: [8] Trying to get property of non-object E:\PHPServer\www\xm\Application\Runtime\Cache\8378b70862d866fede2c1372bd9cfe4821690da8.file.index.html.php 第 232 行.
NOTIC: [8] Undefined index: art_data3 E:\PHPServer\www\xm\Application\Runtime\Cache\8378b70862d866fede2c1372bd9cfe4821690da8.file.index.html.php 第 290 行.
NOTIC: [8] Trying to get property of non-object E:\PHPServer\www\xm\Application\Runtime\Cache\8378b70862d866fede2c1372bd9cfe4821690da8.file.index.html.php 第 290 行.
NOTIC: [8] Undefined index: art_data4 E:\PHPServer\www\xm\Application\Runtime\Cache\8378b70862d866fede2c1372bd9cfe4821690da8.file.index.html.php 第 325 行.
NOTIC: [8] Trying to get property of non-object E:\PHPServer\www\xm\Application\Runtime\Cache\8378b70862d866fede2c1372bd9cfe4821690da8.file.index.html.php 第 325 行.
INFO: Run Behavior\ParseTemplateBehavior [ RunTime:0.009910s ]
INFO: [ view_parse ] --END-- [ RunTime:0.009956s ]
INFO: [ view_filter ] --START--
INFO: Run Behavior\WriteHtmlCacheBehavior [ RunTime:0.000226s ]
INFO: [ view_filter ] --END-- [ RunTime:0.000262s ]
INFO: [ template_filter ] --START--
INFO: Run Behavior\ContentReplaceBehavior [ RunTime:0.000109s ]
INFO: [ template_filter ] --END-- [ RunTime:0.000138s ]
INFO: [ app_end ] --START--
INFO: Run Behavior\ShowPageTraceBehavior [ RunTime:0.000438s ]
INFO: [ app_end ] --END-- [ RunTime:0.000480s ]

[ 2017-02-12T22:41:32+08:00 ] 127.0.0.1 /xm/index.php/Home/Index/undefined
INFO: [ app_init ] --START--
INFO: Run Behavior\BuildLiteBehavior [ RunTime:0.000018s ]
INFO: [ app_init ] --END-- [ RunTime:0.000461s ]
INFO: [ app_begin ] --START--
INFO: Run Behavior\ReadHtmlCacheBehavior [ RunTime:0.000615s ]
INFO: [ app_begin ] --END-- [ RunTime:0.000688s ]
ERR: 非法操作:undefined

[ 2017-02-12T22:41:36+08:00 ] 127.0.0.1 /xm/index.php/Home/Index/index
INFO: [ app_init ] --START--
INFO: Run Behavior\BuildLiteBehavior [ RunTime:0.000012s ]
INFO: [ app_init ] --END-- [ RunTime:0.000281s ]
INFO: [ app_begin ] --START--
INFO: Run Behavior\ReadHtmlCacheBehavior [ RunTime:0.000385s ]
INFO: [ app_begin ] --END-- [ RunTime:0.000425s ]
INFO: [ view_parse ] --START--
NOTIC: [8] Undefined index: art_data E:\PHPServer\www\xm\Application\Runtime\Cache\8378b70862d866fede2c1372bd9cfe4821690da8.file.index.html.php 第 154 行.
NOTIC: [8] Trying to get property of non-object E:\PHPServer\www\xm\Application\Runtime\Cache\8378b70862d866fede2c1372bd9cfe4821690da8.file.index.html.php 第 154 行.
NOTIC: [8] Undefined index: art_data1 E:\PHPServer\www\xm\Application\Runtime\Cache\8378b70862d866fede2c1372bd9cfe4821690da8.file.index.html.php 第 194 行.
NOTIC: [8] Trying to get property of non-object E:\PHPServer\www\xm\Application\Runtime\Cache\8378b70862d866fede2c1372bd9cfe4821690da8.file.index.html.php 第 194 行.
NOTIC: [8] Undefined index: art_data2 E:\PHPServer\www\xm\Application\Runtime\Cache\8378b70862d866fede2c1372bd9cfe4821690da8.file.index.html.php 第 232 行.
NOTIC: [8] Trying to get property of non-object E:\PHPServer\www\xm\Application\Runtime\Cache\8378b70862d866fede2c1372bd9cfe4821690da8.file.index.html.php 第 232 行.
NOTIC: [8] Undefined index: art_data3 E:\PHPServer\www\xm\Application\Runtime\Cache\8378b70862d866fede2c1372bd9cfe4821690da8.file.index.html.php 第 290 行.
NOTIC: [8] Trying to get property of non-object E:\PHPServer\www\xm\Application\Runtime\Cache\8378b70862d866fede2c1372bd9cfe4821690da8.file.index.html.php 第 290 行.
NOTIC: [8] Undefined index: art_data4 E:\PHPServer\www\xm\Application\Runtime\Cache\8378b70862d866fede2c1372bd9cfe4821690da8.file.index.html.php 第 325 行.
NOTIC: [8] Trying to get property of non-object E:\PHPServer\www\xm\Application\Runtime\Cache\8378b70862d866fede2c1372bd9cfe4821690da8.file.index.html.php 第 325 行.
INFO: Run Behavior\ParseTemplateBehavior [ RunTime:0.007431s ]
INFO: [ view_parse ] --END-- [ RunTime:0.007483s ]
INFO: [ view_filter ] --START--
INFO: Run Behavior\WriteHtmlCacheBehavior [ RunTime:0.000176s ]
INFO: [ view_filter ] --END-- [ RunTime:0.000207s ]
INFO: [ template_filter ] --START--
INFO: Run Behavior\ContentReplaceBehavior [ RunTime:0.000095s ]
INFO: [ template_filter ] --END-- [ RunTime:0.000120s ]
INFO: [ app_end ] --START--
INFO: Run Behavior\ShowPageTraceBehavior [ RunTime:0.000365s ]
INFO: [ app_end ] --END-- [ RunTime:0.000404s ]

[ 2017-02-12T22:41:36+08:00 ] 127.0.0.1 /xm/index.php/Home/Index/undefined
INFO: [ app_init ] --START--
INFO: Run Behavior\BuildLiteBehavior [ RunTime:0.000020s ]
INFO: [ app_init ] --END-- [ RunTime:0.000567s ]
INFO: [ app_begin ] --START--
INFO: Run Behavior\ReadHtmlCacheBehavior [ RunTime:0.000703s ]
INFO: [ app_begin ] --END-- [ RunTime:0.000768s ]
ERR: 非法操作:undefined

